<?xml version="1.0" encoding="UTF-8"?>
<!-- Generated by org.testng.reporters.JUnitReportReporter -->
<testsuite hostname="moyo" name="ru.st.selenium.AddFilm" tests="1" failures="0" timestamp="10 Sep 2015 13:11:58 GMT" time="10.545" errors="0">
  <testcase name="testAddFilm" time="10.545" classname="ru.st.selenium.AddFilm"/>
</testsuite> <!-- ru.st.selenium.AddFilm -->
