<?xml version="1.0" encoding="UTF-8"?>
<!-- Generated by org.testng.reporters.JUnitReportReporter -->
<testsuite hostname="moyo" name="ru.st.selenium.RemoveFilm" tests="1" failures="0" timestamp="10 Sep 2015 13:11:58 GMT" time="0.851" errors="0">
  <testcase name="testRemoveFilm" time="0.851" classname="ru.st.selenium.RemoveFilm"/>
</testsuite> <!-- ru.st.selenium.RemoveFilm -->
