<?xml version="1.0" encoding="UTF-8"?>
<!-- Generated by org.testng.reporters.JUnitReportReporter -->
<testsuite hostname="moyo" name="ru.st.selenium.Login" tests="1" failures="0" timestamp="10 Sep 2015 13:11:58 GMT" time="5.920" errors="0">
  <testcase name="testLogin" time="5.920" classname="ru.st.selenium.Login"/>
</testsuite> <!-- ru.st.selenium.Login -->
