<?xml version="1.0" encoding="UTF-8"?>
<!-- Generated by org.testng.reporters.JUnitReportReporter -->
<testsuite hostname="moyo" name="ru.st.selenium.Logout" tests="1" failures="0" timestamp="10 Sep 2015 13:11:58 GMT" time="1.671" errors="0">
  <testcase name="testLogout" time="1.671" classname="ru.st.selenium.Logout"/>
</testsuite> <!-- ru.st.selenium.Logout -->
